<?xml version="1.0" encoding="UTF-8"?>
<testng-results ignored="0" total="3" passed="3" failed="0" skipped="0">
  <reporter-output>
  </reporter-output>
  <suite started-at="2023-01-17T16:16:23 OMST" name="AdnSmsProject" finished-at="2023-01-17T16:16:37 OMST" duration-ms="13987">
    <groups>
    </groups>
    <test started-at="2023-01-17T16:16:23 OMST" name="LoginModule" finished-at="2023-01-17T16:16:35 OMST" duration-ms="12308">
      <class name="com.adn.AdnSmsProject.Test.LoginTest">
        <test-method signature="homepagetitleverify()[pri:0, instance:com.adn.AdnSmsProject.Test.LoginTest@6a370f4]" started-at="2023-01-17T16:16:23 OMST" name="homepagetitleverify" finished-at="2023-01-17T16:16:31 OMST" duration-ms="7894" status="PASS">
          <reporter-output>
          </reporter-output>
        </test-method> <!-- homepagetitleverify -->
        <test-method signature="logintest()[pri:0, instance:com.adn.AdnSmsProject.Test.LoginTest@6a370f4]" started-at="2023-01-17T16:16:31 OMST" name="logintest" finished-at="2023-01-17T16:16:35 OMST" depends-on-methods="com.adn.AdnSmsProject.Test.LoginTest.homepagetitleverify" duration-ms="4324" status="PASS">
          <reporter-output>
          </reporter-output>
        </test-method> <!-- logintest -->
      </class> <!-- com.adn.AdnSmsProject.Test.LoginTest -->
    </test> <!-- LoginModule -->
    <test started-at="2023-01-17T16:16:35 OMST" name="GcampModule" finished-at="2023-01-17T16:16:37 OMST" duration-ms="1624">
      <class name="com.adn.AdnSmsProject.Test.Gcamp">
        <test-method signature="gcamp()[pri:0, instance:com.adn.AdnSmsProject.Test.Gcamp@7e5afaa6]" started-at="2023-01-17T16:16:35 OMST" name="gcamp" finished-at="2023-01-17T16:16:37 OMST" duration-ms="1621" status="PASS">
          <reporter-output>
          </reporter-output>
        </test-method> <!-- gcamp -->
      </class> <!-- com.adn.AdnSmsProject.Test.Gcamp -->
    </test> <!-- GcampModule -->
  </suite> <!-- AdnSmsProject -->
</testng-results>
